{"level":"info","message":"Server started at port http://localhost:4000/","timestamp":"04-04-52"}
{"level":"info","message":"Successfully Login Query Hit","timestamp":"11-26-15"}
{"level":"info","message":"Successfully retrived","timestamp":"11-26-35"}
{"level":"info","message":"Successfully retrived","timestamp":"11-26-46"}
{"level":"info","message":"Successfully retrived","timestamp":"11-26-50"}
{"level":"info","message":"Successfully Login Query Hit","timestamp":"11-34-58"}
{"level":"info","message":"Successfully Login Query Hit","timestamp":"11-35-53"}
{"level":"info","message":"Successfully retrived","timestamp":"11-55-48"}
{"level":"info","message":"Successfully Login Query Hit","timestamp":"12-06-31"}
{"level":"info","message":"Successfully retrived profile","timestamp":"12-08-02"}
{"level":"info","message":"Successfully retrived profile","timestamp":"12-17-24"}
{"level":"info","message":"Successfully Login Query Hit","timestamp":"12-17-37"}
{"level":"info","message":"Successfully retrived profile","timestamp":"12-17-42"}
{"level":"info","message":"Successfully retrived","timestamp":"12-17-59"}
{"level":"info","message":"Successfully retrived profile","timestamp":"12-19-06"}
{"level":"error","message":"Unauthenticated Error while retriving","timestamp":"01-00-44"}
{"level":"error","message":"Unauthenticated Error while retriving","timestamp":"01-00-44"}
{"level":"info","message":"Successfully retrived profile","timestamp":"01-07-07"}
{"level":"info","message":"Successfully retrived profile","timestamp":"01-09-04"}
{"level":"info","message":"Successfully retrived profile","timestamp":"01-13-24"}
{"level":"info","message":"Successfully retrived profile","timestamp":"01-14-46"}
{"level":"info","message":"Successfully retrived profile","timestamp":"01-16-06"}
{"level":"info","message":"Successfully retrived profile","timestamp":"01-16-26"}
{"level":"info","message":"Successfully retrived profile","timestamp":"01-17-24"}
{"level":"info","message":"Successfully Login Query Hit","timestamp":"01-23-50"}
{"level":"info","message":"Successfully retrived profile","timestamp":"01-23-53"}
{"level":"info","message":"Successfully retrived profile","timestamp":"01-24-17"}
{"level":"info","message":"Successfully retrived profile","timestamp":"01-28-35"}
{"level":"info","message":"Successfully retrived profile","timestamp":"01-36-03"}
{"level":"info","message":"Successfully retrived profile","timestamp":"01-40-41"}
{"level":"info","message":"Successfully retrived profile","timestamp":"01-44-35"}
{"level":"info","message":"Successfully retrived profile","timestamp":"01-52-35"}
{"level":"info","message":"Successfully retrived profile","timestamp":"01-54-09"}
{"level":"info","message":"Successfully retrived profile","timestamp":"01-56-15"}
{"level":"info","message":"Successfully retrived profile","timestamp":"01-58-16"}
{"level":"info","message":"Successfully retrived profile","timestamp":"01-59-42"}
{"level":"info","message":"Successfully retrived profile","timestamp":"02-02-02"}
{"level":"info","message":"Successfully retrived profile","timestamp":"02-07-43"}
{"level":"info","message":"Successfully retrived profile","timestamp":"02-09-01"}
{"level":"info","message":"Successfully retrived profile","timestamp":"02-10-27"}
{"level":"info","message":"Successfully retrived profile","timestamp":"02-13-57"}
{"level":"info","message":"Successfully retrived profile","timestamp":"02-23-00"}
{"level":"info","message":"Successfully Login Query Hit","timestamp":"02-24-52"}
{"level":"info","message":"Successfully retrived profile","timestamp":"02-24-54"}
{"level":"info","message":"Successfully retrived profile","timestamp":"02-29-40"}
{"level":"info","message":"Successfully retrived profile","timestamp":"02-30-30"}
{"level":"info","message":"Successfully retrived profile","timestamp":"02-31-20"}
{"level":"info","message":"Successfully retrived profile","timestamp":"02-33-03"}
{"level":"info","message":"Successfully retrived profile","timestamp":"02-33-31"}
{"level":"info","message":"Successfully retrived profile","timestamp":"02-38-40"}
{"level":"info","message":"Successfully retrived profile","timestamp":"02-39-32"}
{"level":"info","message":"Successfully retrived profile","timestamp":"02-39-52"}
{"level":"info","message":"Successfully retrived profile","timestamp":"02-40-12"}
{"level":"info","message":"Successfully Login Query Hit","timestamp":"03-23-13"}
{"level":"info","message":"Successfully retrived profile","timestamp":"03-23-15"}
{"level":"info","message":"Successfully retrived profile","timestamp":"03-26-57"}
{"level":"info","message":"Successfully retrived profile","timestamp":"03-28-29"}
{"level":"info","message":"Successfully retrived profile","timestamp":"03-28-59"}
{"level":"info","message":"Successfully retrived profile","timestamp":"03-35-15"}
{"level":"info","message":"Successfully retrived profile","timestamp":"03-36-11"}
{"level":"info","message":"Successfully retrived profile","timestamp":"03-37-13"}
{"level":"info","message":"Successfully retrived profile","timestamp":"03-38-18"}
{"level":"info","message":"Successfully retrived profile","timestamp":"03-41-00"}
{"level":"info","message":"Successfully retrived profile","timestamp":"03-46-59"}
{"level":"info","message":"Successfully retrived profile","timestamp":"03-48-36"}
{"level":"info","message":"Successfully retrived profile","timestamp":"03-50-57"}
{"level":"info","message":"Successfully retrived profile","timestamp":"04-01-18"}
{"level":"info","message":"Successfully retrived profile","timestamp":"04-03-06"}
{"level":"info","message":"Successfully retrived profile","timestamp":"04-03-41"}
{"level":"info","message":"Successfully Login Query Hit","timestamp":"04-15-16"}
{"level":"info","message":"Successfully retrived profile","timestamp":"04-15-20"}
{"level":"info","message":"Successfully retrived profile","timestamp":"04-16-33"}
{"level":"info","message":"Successfully retrived profile","timestamp":"04-24-35"}
{"level":"info","message":"Successfully retrived profile","timestamp":"04-34-18"}
{"level":"info","message":"Successfully retrived profile","timestamp":"04-36-44"}
{"level":"info","message":"Successfully retrived profile","timestamp":"04-38-36"}
{"level":"info","message":"Successfully retrived profile","timestamp":"04-39-53"}
{"level":"info","message":"Successfully Login Query Hit","timestamp":"04-40-16"}
{"level":"info","message":"Successfully retrived profile","timestamp":"04-40-18"}
{"level":"info","message":"Successfully retrived profile","timestamp":"04-40-51"}
{"level":"info","message":"Successfully retrived profile","timestamp":"04-40-51"}
{"level":"info","message":"Successfully retrived profile","timestamp":"04-41-14"}
{"level":"info","message":"Successfully retrived profile","timestamp":"04-45-12"}
{"level":"info","message":"Successfully retrived profile","timestamp":"04-45-43"}
{"level":"info","message":"Successfully retrived profile","timestamp":"04-47-12"}
{"level":"info","message":"Successfully retrived profile","timestamp":"04-47-59"}
{"level":"info","message":"Successfully Login Query Hit","timestamp":"04-48-40"}
{"level":"info","message":"Successfully retrived profile","timestamp":"04-48-42"}
{"level":"info","message":"Successfully retrived profile","timestamp":"04-49-19"}
{"level":"info","message":"Successfully retrived profile","timestamp":"04-50-18"}
{"level":"info","message":"Successfully retrived profile","timestamp":"04-58-43"}
{"level":"info","message":"Successfully retrived profile","timestamp":"05-00-03"}
{"level":"info","message":"Successfully retrived profile","timestamp":"05-00-22"}
{"level":"info","message":"Successfully Login Query Hit","timestamp":"05-18-45"}
{"level":"info","message":"Successfully Login Query Hit","timestamp":"05-18-45"}
{"level":"info","message":"Successfully retrived profile","timestamp":"05-19-07"}
{"level":"info","message":"Successfully retrived profile","timestamp":"05-19-41"}
{"level":"info","message":"Successfully retrived profile","timestamp":"05-20-01"}
{"level":"info","message":"Successfully retrived profile","timestamp":"05-20-11"}
{"level":"info","message":"Successfully retrived profile","timestamp":"05-21-28"}
{"level":"info","message":"Successfully retrived profile","timestamp":"05-21-34"}
{"level":"info","message":"Successfully retrived profile","timestamp":"05-21-46"}
{"level":"info","message":"Successfully retrived profile","timestamp":"05-21-48"}
{"level":"info","message":"Successfully retrived profile","timestamp":"05-22-57"}
{"level":"info","message":"Successfully retrived profile","timestamp":"05-25-28"}
{"level":"info","message":"Successfully Login Query Hit","timestamp":"05-25-38"}
{"level":"info","message":"Successfully retrived profile","timestamp":"05-25-40"}
{"level":"info","message":"Successfully retrived profile","timestamp":"05-25-44"}
{"level":"info","message":"Successfully retrived profile","timestamp":"05-25-49"}
{"level":"info","message":"Successfully retrived profile","timestamp":"05-25-57"}
{"level":"info","message":"Successfully retrived profile","timestamp":"05-27-21"}
{"level":"info","message":"Successfully retrived profile","timestamp":"05-27-27"}
{"level":"info","message":"Successfully retrived profile","timestamp":"05-27-51"}
{"level":"info","message":"Successfully retrived profile","timestamp":"05-28-07"}
{"level":"info","message":"Successfully retrived profile","timestamp":"05-28-24"}
{"level":"info","message":"Successfully retrived profile","timestamp":"05-28-32"}
{"level":"info","message":"Successfully retrived profile","timestamp":"05-28-43"}
{"level":"info","message":"Successfully retrived profile","timestamp":"05-28-50"}
{"level":"info","message":"Successfully retrived profile","timestamp":"05-29-58"}
{"level":"info","message":"Successfully retrived profile","timestamp":"05-30-01"}
{"level":"info","message":"Successfully retrived profile","timestamp":"05-30-08"}
{"level":"info","message":"Successfully Login Query Hit","timestamp":"05-30-38"}
{"level":"info","message":"Successfully retrived profile","timestamp":"05-30-40"}
{"level":"info","message":"Successfully retrived profile","timestamp":"05-33-58"}
{"level":"info","message":"Successfully retrived profile","timestamp":"05-34-33"}
{"level":"info","message":"Successfully retrived profile","timestamp":"05-35-40"}
{"level":"info","message":"Successfully retrived profile","timestamp":"05-36-07"}
{"level":"info","message":"Successfully Login Query Hit","timestamp":"05-36-18"}
{"level":"info","message":"Successfully retrived profile","timestamp":"05-36-22"}
{"level":"info","message":"Successfully retrived profile","timestamp":"05-36-56"}
{"level":"info","message":"Successfully retrived profile","timestamp":"05-58-51"}
{"level":"info","message":"Successfully retrived profile","timestamp":"05-58-57"}
{"level":"info","message":"Successfully retrived profile","timestamp":"05-59-04"}
{"level":"info","message":"Successfully Login Query Hit","timestamp":"06-54-49"}
{"level":"info","message":"Successfully retrived profile","timestamp":"06-54-52"}
{"level":"info","message":"Successfully retrived profile","timestamp":"06-55-05"}
{"level":"info","message":"Successfully retrived profile","timestamp":"06-56-37"}
{"level":"info","message":"Successfully retrived profile","timestamp":"06-56-39"}
{"level":"error","message":"Unauthenticated Error while retriving","timestamp":"10-16-04"}
{"level":"error","message":"Unauthenticated Error while retriving","timestamp":"10-16-17"}
{"level":"info","message":"Successfully Login Query Hit","timestamp":"10-16-27"}
{"level":"info","message":"Successfully retrived profile","timestamp":"10-16-29"}
{"level":"info","message":"Successfully Login Query Hit","timestamp":"10-23-13"}
{"level":"info","message":"Successfully retrived profile","timestamp":"10-23-15"}
{"level":"info","message":"Successfully retrived profile","timestamp":"10-23-22"}
{"level":"info","message":"Successfully retrived profile","timestamp":"10-23-36"}
{"level":"info","message":"Successfully Login Query Hit","timestamp":"03-41-19"}
{"level":"info","message":"Successfully retrived profile","timestamp":"03-41-20"}
{"level":"info","message":"Successfully retrived profile","timestamp":"03-41-32"}
{"level":"info","message":"Successfully retrived profile","timestamp":"03-42-22"}
{"level":"info","message":"Successfully retrived profile","timestamp":"03-42-25"}
{"level":"info","message":"Successfully retrived profile","timestamp":"03-44-22"}
{"level":"info","message":"Successfully retrived profile","timestamp":"03-45-47"}
{"level":"info","message":"Successfully retrived profile","timestamp":"03-46-30"}
{"level":"info","message":"Successfully retrived profile","timestamp":"03-47-19"}
{"level":"info","message":"Successfully retrived profile","timestamp":"03-47-44"}
{"level":"info","message":"Successfully retrived profile","timestamp":"03-47-47"}
{"level":"info","message":"Successfully retrived profile","timestamp":"03-48-27"}
{"level":"info","message":"Successfully retrived profile","timestamp":"03-48-31"}
{"level":"info","message":"Successfully retrived profile","timestamp":"03-49-06"}
{"level":"info","message":"Successfully retrived profile","timestamp":"04-03-23"}
{"level":"info","message":"Successfully retrived profile","timestamp":"04-27-26"}
{"level":"info","message":"Successfully retrived","timestamp":"06-22-27"}
{"level":"info","message":"Successfully retrived","timestamp":"06-25-02"}
{"level":"info","message":"Successfully retrived","timestamp":"06-29-32"}
{"level":"info","message":"Successfully retrived","timestamp":"06-29-36"}
{"level":"info","message":"Roles Successfully retrived","timestamp":"06-31-20"}
{"level":"info","message":"Roles Successfully retrived","timestamp":"06-45-33"}
{"level":"info","message":"Roles Successfully retrived","timestamp":"06-45-42"}
{"level":"info","message":"Roles Successfully retrived","timestamp":"06-49-11"}
{"level":"info","message":"Roles Successfully retrived","timestamp":"06-53-19"}
{"level":"info","message":"Roles Successfully retrived","timestamp":"06-53-32"}
{"level":"info","message":"Roles Successfully retrived","timestamp":"06-54-43"}
{"level":"info","message":"Roles Successfully retrived","timestamp":"07-03-12"}
{"level":"info","message":"Successfully Login Query Hit","timestamp":"07-03-51"}
{"level":"info","message":"Successfully retrived profile","timestamp":"07-03-54"}
{"level":"info","message":"Successfully retrived profile","timestamp":"07-05-23"}
{"level":"info","message":"Successfully retrived profile","timestamp":"07-05-32"}
{"level":"info","message":"Successfully retrived profile","timestamp":"07-05-51"}
{"level":"info","message":"Successfully retrived profile","timestamp":"07-06-53"}
{"level":"info","message":"Successfully retrived profile","timestamp":"07-06-55"}
{"level":"info","message":"Roles Successfully retrived","timestamp":"01-03-12"}
{"level":"info","message":"Successfully Login Query Hit","timestamp":"01-03-51"}
{"level":"info","message":"Successfully retrived","timestamp":"01-03-55"}
{"level":"info","message":"Successfully retrived","timestamp":"01-07-52"}
{"level":"info","message":"Successfully retrived","timestamp":"01-09-08"}
{"level":"info","message":"Successfully retrived","timestamp":"01-09-32"}
{"level":"info","message":"Successfully retrived","timestamp":"01-10-01"}
{"level":"info","message":"Successfully retrived","timestamp":"01-10-38"}
{"level":"info","message":"Successfully retrived","timestamp":"01-13-00"}
{"level":"info","message":"Successfully retrived","timestamp":"01-24-32"}
{"level":"info","message":"Successfully retrived","timestamp":"01-25-01"}
{"level":"error","message":"Unauthenticated Error while retriving","timestamp":"01-44-07"}
{"level":"error","message":"Unauthenticated Error while retriving","timestamp":"01-44-08"}
{"level":"info","message":"Successfully Login Query Hit","timestamp":"01-44-33"}
{"level":"info","message":"Successfully retrived","timestamp":"01-44-53"}
{"level":"info","message":"Successfully retrived","timestamp":"01-45-22"}
{"level":"info","message":"Successfully retrived","timestamp":"01-46-17"}
{"level":"info","message":"Successfully retrived","timestamp":"01-46-56"}
{"level":"info","message":"Successfully retrived","timestamp":"01-47-04"}
{"level":"info","message":"Successfully retrived","timestamp":"01-47-19"}
{"level":"info","message":"Successfully retrived","timestamp":"01-48-37"}
{"level":"info","message":"Successfully retrived","timestamp":"01-52-50"}
{"level":"info","message":"Successfully retrived","timestamp":"02-01-07"}
{"level":"info","message":"Successfully retrived","timestamp":"02-01-20"}
{"level":"info","message":"Successfully retrived","timestamp":"02-01-25"}
{"level":"info","message":"Successfully retrived","timestamp":"02-01-40"}
{"level":"info","message":"Successfully retrived","timestamp":"02-02-21"}
{"level":"info","message":"Successfully retrived","timestamp":"02-02-43"}
{"level":"error","message":"Unauthenticated Error while retriving","timestamp":"02-04-23"}
{"level":"info","message":"Successfully Login Query Hit","timestamp":"02-04-31"}
{"level":"info","message":"Successfully retrived","timestamp":"02-04-35"}
{"level":"info","message":"Successfully retrived","timestamp":"02-06-45"}
{"level":"info","message":"Successfully retrived","timestamp":"02-07-18"}
{"level":"info","message":"Successfully retrived","timestamp":"02-08-37"}
{"level":"info","message":"Successfully retrived","timestamp":"02-09-18"}
{"level":"info","message":"Successfully retrived","timestamp":"02-10-08"}
{"level":"info","message":"Successfully retrived","timestamp":"02-15-10"}
{"level":"info","message":"Successfully retrived","timestamp":"02-16-47"}
{"level":"info","message":"Successfully retrived","timestamp":"02-17-39"}
{"level":"info","message":"Successfully retrived","timestamp":"02-19-07"}
{"level":"info","message":"Successfully retrived","timestamp":"02-19-59"}
{"level":"info","message":"Successfully retrived","timestamp":"02-21-19"}
{"level":"info","message":"Roles Successfully retrived","timestamp":"02-21-24"}
{"level":"info","message":"Successfully Login Query Hit","timestamp":"02-22-06"}
{"level":"info","message":"Successfully retrived profile","timestamp":"02-22-08"}
{"level":"info","message":"Successfully retrived profile","timestamp":"02-22-18"}
{"level":"info","message":"Successfully Login Query Hit","timestamp":"03-41-48"}
{"level":"info","message":"Successfully retrived","timestamp":"03-44-21"}
{"level":"info","message":"Successfully retrived","timestamp":"03-48-06"}
{"level":"info","message":"Successfully retrived","timestamp":"03-59-18"}
{"level":"info","message":"Successfully retrived","timestamp":"04-07-05"}
{"level":"info","message":"Successfully retrived","timestamp":"04-07-42"}
{"level":"info","message":"Successfully retrived profile","timestamp":"04-14-42"}
{"level":"info","message":"Successfully retrived profile","timestamp":"04-14-50"}
{"level":"info","message":"Successfully retrived profile","timestamp":"04-30-56"}
{"level":"info","message":"Successfully retrived","timestamp":"04-32-48"}
{"level":"error","message":"Unauthenticated Error while retriving","timestamp":"05-29-38"}
{"level":"info","message":"Successfully Login Query Hit","timestamp":"05-29-48"}
{"level":"info","message":"Successfully retrived profile","timestamp":"05-29-52"}
{"level":"info","message":"Successfully retrived","timestamp":"05-29-56"}
{"level":"info","message":"Successfully Login Query Hit","timestamp":"09-49-11"}
{"level":"info","message":"Successfully retrived profile","timestamp":"09-49-16"}
{"level":"info","message":"Successfully retrived","timestamp":"09-49-27"}
{"level":"info","message":"Successfully Login Query Hit","timestamp":"09-50-32"}
{"level":"info","message":"Successfully Login Query Hit","timestamp":"09-50-37"}
{"level":"info","message":"Successfully Login Query Hit","timestamp":"09-51-55"}
{"level":"info","message":"Successfully Login Query Hit","timestamp":"09-52-34"}
{"level":"info","message":"Successfully Login Query Hit","timestamp":"09-52-54"}
{"level":"info","message":"Successfully Login Query Hit","timestamp":"09-54-02"}
{"level":"info","message":"Successfully Login Query Hit","timestamp":"09-54-12"}
{"level":"info","message":"Successfully Login Query Hit","timestamp":"09-54-17"}
{"level":"info","message":"Successfully Login Query Hit","timestamp":"09-54-38"}
{"level":"error","message":"[object Object] Error while retriving","timestamp":"09-55-10"}
{"level":"info","message":"Successfully Login Query Hit","timestamp":"09-55-19"}
{"level":"info","message":"Successfully Login Query Hit","timestamp":"10-05-40"}
{"level":"info","message":"Successfully Login Query Hit","timestamp":"10-15-34"}
{"level":"info","message":"Roles Successfully retrived","timestamp":"10-30-04"}
{"level":"error","message":"[object Object] Error while retriving","timestamp":"10-30-09"}
{"level":"info","message":"Successfully Login Query Hit","timestamp":"10-30-15"}
{"level":"info","message":"Successfully Login Query Hit","timestamp":"10-30-25"}
{"level":"info","message":"Roles Successfully retrived","timestamp":"10-30-41"}
{"level":"info","message":"Roles Successfully retrived","timestamp":"10-36-18"}
{"level":"info","message":"Successfully Login Query Hit","timestamp":"10-36-28"}
{"level":"info","message":"Successfully retrived","timestamp":"10-36-43"}
{"level":"info","message":"Roles Successfully retrived","timestamp":"10-37-08"}
{"level":"info","message":"Successfully Login Query Hit","timestamp":"11-34-16"}
{"level":"info","message":"Successfully Login Query Hit","timestamp":"11-35-58"}
{"level":"info","message":"Successfully retrived","timestamp":"11-36-17"}
{"level":"error","message":"Unauthenticated Error while retriving","timestamp":"01-25-14"}
{"level":"error","message":"Unauthenticated Error while retriving","timestamp":"01-25-27"}
{"level":"info","message":"Successfully Login Query Hit","timestamp":"01-29-08"}
{"level":"info","message":"Successfully retrived","timestamp":"01-58-22"}
{"level":"info","message":"Successfully retrived","timestamp":"01-59-10"}
{"level":"info","message":"Successfully retrived profile","timestamp":"02-01-59"}
{"level":"info","message":"Successfully retrived profile","timestamp":"02-02-04"}
{"level":"info","message":"Successfully Login Query Hit","timestamp":"02-03-20"}
{"level":"info","message":"Successfully Login Query Hit","timestamp":"04-10-14"}
{"level":"info","message":"Successfully Login Query Hit","timestamp":"05-43-07"}
{"level":"info","message":"Successfully Login Query Hit","timestamp":"06-46-34"}
{"level":"error","message":"Unauthenticated Error while retriving","timestamp":"10-00-22"}
{"level":"error","message":"[object Object] Error while retriving","timestamp":"10-00-36"}
{"level":"error","message":"[object Object] Error while retriving","timestamp":"10-00-37"}
{"level":"info","message":"Successfully Login Query Hit","timestamp":"11-22-45"}
{"level":"info","message":"Roles Successfully retrived","timestamp":"11-22-51"}
{"level":"info","message":"Successfully Login Query Hit","timestamp":"11-25-04"}
{"level":"info","message":"Successfully retrived","timestamp":"11-25-08"}
{"level":"info","message":"Successfully retrived profile","timestamp":"11-25-49"}
{"level":"info","message":"Roles Successfully retrived","timestamp":"11-26-07"}
{"level":"info","message":"Roles Successfully retrived","timestamp":"11-41-13"}
{"level":"info","message":"Successfully Login Query Hit","timestamp":"11-41-23"}
{"level":"info","message":"Successfully retrived profile","timestamp":"11-41-27"}
{"level":"info","message":"Successfully retrived","timestamp":"11-41-32"}
{"level":"info","message":"Successfully Login Query Hit","timestamp":"11-44-05"}
{"level":"error","message":"Unauthenticated Error while retriving","timestamp":"11-45-10"}
{"level":"error","message":"Unauthenticated Error while retriving","timestamp":"11-45-41"}
{"level":"error","message":"Unauthenticated Error while retriving","timestamp":"11-46-03"}
{"level":"error","message":"Unauthenticated Error while retriving","timestamp":"11-46-23"}
{"level":"error","message":"Unauthenticated Error while retriving","timestamp":"11-46-46"}
{"level":"info","message":"Successfully Login Query Hit","timestamp":"11-47-43"}
{"level":"info","message":"Successfully retrived","timestamp":"11-47-47"}
{"level":"error","message":"Unauthenticated Error while retriving","timestamp":"11-49-46"}
{"level":"error","message":"Unauthenticated Error while retriving","timestamp":"11-49-48"}
{"level":"info","message":"Successfully Login Query Hit","timestamp":"11-50-19"}
{"level":"info","message":"Successfully retrived","timestamp":"12-17-51"}
{"level":"info","message":"Roles Successfully retrived","timestamp":"12-23-29"}
{"level":"info","message":"Successfully Login Query Hit","timestamp":"12-23-48"}
{"level":"info","message":"Successfully Login Query Hit","timestamp":"01-47-31"}
{"level":"info","message":"Roles Successfully retrived","timestamp":"02-34-34"}
{"level":"info","message":"Roles Successfully retrived","timestamp":"03-39-54"}
{"level":"info","message":"Successfully Login Query Hit","timestamp":"03-40-15"}
{"level":"info","message":"Successfully retrived","timestamp":"03-40-23"}
{"level":"info","message":"Roles Successfully retrived","timestamp":"04-04-59"}
{"level":"info","message":"Successfully Login Query Hit","timestamp":"04-05-11"}
{"level":"info","message":"Successfully retrived","timestamp":"04-22-12"}
{"level":"info","message":"Successfully Login Query Hit","timestamp":"01-11-47"}
{"level":"info","message":"Successfully retrived","timestamp":"01-11-54"}
{"level":"info","message":"Successfully Login Query Hit","timestamp":"02-46-28"}
